title BIPMESH automatic mesh - Version 8952

$starting mesh card
mesh nx=17 ny=20 rect

$x mesh locations
x.mesh node=1 location=-8 rat=2
x.mesh node=2 location=-6 rat=2
x.mesh node=4 location=-4 rat=1
x.mesh node=6 location=-1.5 rat=1
x.mesh node=8 location=-1 rat=1
x.mesh node=10 location=1 rat=1
x.mesh node=12 location=3 rat=1
x.mesh node=14 location=5 rat=1
x.mesh node=15 location=5.5 rat=1
x.mesh node=16 location=6 rat=1
x.mesh node=17 location=8 rat=2

$y mesh locations
y.mesh node=1 location=0 rat=1
y.mesh node=5 location=0.1 rat=1
y.mesh node=12 location=0.5 rat=1
y.mesh node=17 location=1 rat=1.25
y.mesh node=20 location=2 rat=1.25

$region definitions
region num=1 ix.l=1 ix.h=17 iy.l=1 iy.h=20 silicon

$Emitter = 1 Base = 2 Collector = 3 Bulk = 4
electrode num=1 ix.l=8 ix.h=10 iy.l=1 iy.h=1
electrode num=2 ix.l=12 ix.h=14 iy.l=1 iy.h=1
electrode num=3 ix.l=2 ix.h=4 iy.l=1 iy.h=1
electrode num=4 ix.l=1 ix.h=17 iy.l=20 iy.h=20

$Doping Information
doping reg=1 uniform x.lef=-8 x.rig=8
+	y.top=0.0 y.bot=2 conce=1.000000e+15 p.type

$ Emitter Region
doping reg=1 gauss char=0.0294718 peak=0 conce=1.000000e+20 n.type
+	x.lef=-1 x.rig=1 ratio.la=0.8

$ Internal Base
doping reg=1 gauss char=0.19024 peak=0 conce=1.000000e+18 p.type
+	x.lef=-1.5 x.rig=5.5 ratio.la=0.8

$ External Base
doping reg=1 gauss char=0.0912036 peak=0 conce=5.000000e+19 p.type
+	x.lef=1.5 x.rig=5 ratio.la=0.8

$ Collector
doping reg=1 gauss char=0.65901 peak=0 conce=1.000000e+16 n.type
+	x.lef=-6 x.rig=6 ratio.la=0.8
regrid log doping step=6 outf=mesh2

$ base characteristics. Vc is 0.100000, maxVb is 0.700000
symb newton carriers=2
method autonr itlimit=30
models consrh auger bgn conmob fermi
$ solve for the initial step.  save in file temp1
solve initial v2=0.000000 v3=0.000000 outfile=temp1
regrid potential step=0.2 outf=mesh3

symb newton carriers=2
method autonr itlimit=30
solve initial v2=0.000000 v3=0.000000 outfile=temp1
solve v3=0.000000 vstep=0.100000 nsteps=1 electrode=3
$ save I-V information in collectorIV.log
log ivfile=baseIV.log
solve v2=0.000000 vstep=0.100000 nsteps=7 electrode=2
$ plot statement in ascii format in file iv.ascii
plot.1d x.axis=v3 y.axis=i3 ascii outfile=iv.ascii
plot.2d grid bound 
plot.2d no.tic bound junc l.elect=1 l.bound=2
end
