title BIPMESH automatic mesh - Version 8952

$starting mesh card
mesh nx=17 ny=20 rect

$x mesh locations
x.mesh node=1 location=-10 rat=2
x.mesh node=2 location=-6 rat=2
x.mesh node=4 location=-4 rat=1
x.mesh node=6 location=-1.5 rat=1
x.mesh node=8 location=-1 rat=1
x.mesh node=10 location=1 rat=1
x.mesh node=12 location=3 rat=1
x.mesh node=14 location=5 rat=1
x.mesh node=15 location=5.5 rat=1
x.mesh node=16 location=6 rat=1
x.mesh node=17 location=10 rat=2

$y mesh locations
y.mesh node=1 location=0 rat=1
y.mesh node=5 location=0.258369 rat=1
y.mesh node=12 location=1.40371 rat=1
y.mesh node=17 location=1.62843 rat=1.25
y.mesh node=20 location=2 rat=1.25

$region definitions
region num=1 ix.l=1 ix.h=17 iy.l=1 iy.h=20 silicon

$Emitter = 1 Base = 2 Collector = 3 Bulk = 4
electrode num=1 ix.l=8 ix.h=10 iy.l=1 iy.h=1
electrode num=2 ix.l=12 ix.h=14 iy.l=1 iy.h=1
electrode num=3 ix.l=2 ix.h=4 iy.l=1 iy.h=1
electrode num=4 ix.l=1 ix.h=17 iy.l=20 iy.h=20

$Doping Information
doping reg=1 uniform x.left=-10 x.right=10 conc=9.999830e+14 p.type


$ Emitter Region
doping reg=1 suprem3 infile=emitter.exp arsenic
+	x.lef=-1 x.rig=1 ratio.la=0.8

$ Internal Base Region
doping reg=1 suprem3 infile=base.exp boron
+	x.lef=-1.5 x.rig=5.5 ratio.la=0.8

$ External Base Region
doping reg=1 suprem3 infile=ext_base.exp boron
+	x.lef=1.5 x.rig=5 ratio.la=0.8

$ Collector Region
doping reg=1 suprem3 infile=collector.exp phosphorus
+	x.lef=-6 x.rig=6 ratio.la=0.8
regrid log doping step=6 outf=mesh2
plot.2d grid bound 
plot.2d no.tic bound junc l.elect=1 l.bound=2
end
